2025-05-21 21:57:35,940 INFO o.a.j.u.JMeterUtils: Setting Locale to en_EN
2025-05-21 21:57:35,948 INFO o.a.j.JMeter: Loading user properties from: C:\Program Files\JMeter\apache-jmeter-5.6.3\bin\user.properties
2025-05-21 21:57:35,948 INFO o.a.j.JMeter: Loading system properties from: C:\Program Files\JMeter\apache-jmeter-5.6.3\bin\system.properties
2025-05-21 21:57:35,952 INFO o.a.j.JMeter: Copyright (c) 1998-2024 The Apache Software Foundation
2025-05-21 21:57:35,952 INFO o.a.j.JMeter: Version 5.6.3
2025-05-21 21:57:35,952 INFO o.a.j.JMeter: java.version=1.8.0_431
2025-05-21 21:57:35,952 INFO o.a.j.JMeter: java.vm.name=Java HotSpot(TM) Client VM
2025-05-21 21:57:35,952 INFO o.a.j.JMeter: os.name=Windows 11
2025-05-21 21:57:35,952 INFO o.a.j.JMeter: os.arch=x86
2025-05-21 21:57:35,953 INFO o.a.j.JMeter: os.version=10.0
2025-05-21 21:57:35,953 INFO o.a.j.JMeter: file.encoding=Cp1252
2025-05-21 21:57:35,953 INFO o.a.j.JMeter: java.awt.headless=true
2025-05-21 21:57:35,953 INFO o.a.j.JMeter: Max memory     =1073741824
2025-05-21 21:57:35,954 INFO o.a.j.JMeter: Available Processors =20
2025-05-21 21:57:35,956 INFO o.a.j.JMeter: Default Locale=English (EN)
2025-05-21 21:57:35,956 INFO o.a.j.JMeter: JMeter  Locale=English (EN)
2025-05-21 21:57:35,956 INFO o.a.j.JMeter: JMeterHome=C:\Program Files\JMeter\apache-jmeter-5.6.3
2025-05-21 21:57:35,956 INFO o.a.j.JMeter: user.dir  =C:\Users\mohdy\OneDrive\Documents\Edges Testing Diploma\Final Project 2
2025-05-21 21:57:35,956 INFO o.a.j.JMeter: PWD       =C:\Users\mohdy\OneDrive\Documents\Edges Testing Diploma\Final Project 2
2025-05-21 21:57:35,961 INFO o.a.j.JMeter: IP: 192.168.1.4 Name: WIN-DD81F8JIKC9 FullName: WIN-DD81F8JIKC9
2025-05-21 21:57:35,974 INFO o.a.j.JMeter: Setting property 'jmeter.reportgenerator.outputdir' to:'C:\Users\mohdy\OneDrive\Documents\Edges Testing Diploma\Final Project 2\Reports'
2025-05-21 21:57:35,976 INFO o.a.j.s.FileServer: Default base='C:\Users\mohdy\OneDrive\Documents\Edges Testing Diploma\Final Project 2'
2025-05-21 21:57:35,977 INFO o.a.j.s.FileServer: Set new base='C:\Users\mohdy\OneDrive\Documents\Edges Testing Diploma\Final Project 2'
2025-05-21 21:57:36,071 INFO o.a.j.s.SaveService: Testplan (JMX) version: 2.2. Testlog (JTL) version: 2.2
2025-05-21 21:57:36,086 INFO o.a.j.s.SaveService: Using SaveService properties file encoding UTF-8
2025-05-21 21:57:36,090 INFO o.a.j.s.SaveService: Using SaveService properties version 5.0
2025-05-21 21:57:36,093 INFO o.a.j.s.SaveService: Loading file: Test Plan.jmx
2025-05-21 21:57:36,166 INFO o.a.j.p.h.s.HTTPSamplerBase: Parser for text/html is org.apache.jmeter.protocol.http.parser.LagartoBasedHtmlParser
2025-05-21 21:57:36,166 INFO o.a.j.p.h.s.HTTPSamplerBase: Parser for application/xhtml+xml is org.apache.jmeter.protocol.http.parser.LagartoBasedHtmlParser
2025-05-21 21:57:36,166 INFO o.a.j.p.h.s.HTTPSamplerBase: Parser for application/xml is org.apache.jmeter.protocol.http.parser.LagartoBasedHtmlParser
2025-05-21 21:57:36,166 INFO o.a.j.p.h.s.HTTPSamplerBase: Parser for text/xml is org.apache.jmeter.protocol.http.parser.LagartoBasedHtmlParser
2025-05-21 21:57:36,166 INFO o.a.j.p.h.s.HTTPSamplerBase: Parser for text/vnd.wap.wml is org.apache.jmeter.protocol.http.parser.RegexpHTMLParser
2025-05-21 21:57:36,166 INFO o.a.j.p.h.s.HTTPSamplerBase: Parser for text/css is org.apache.jmeter.protocol.http.parser.CssParser
2025-05-21 21:57:36,330 INFO o.a.j.JMeter: Creating summariser <summary>
2025-05-21 21:57:36,334 INFO o.a.j.r.d.ReportGenerator: ReportGenerator will use for Parsing the separator: ','
2025-05-21 21:57:36,334 INFO o.a.j.r.d.ReportGenerator: Will generate report at end of test from  results file: results.csv
2025-05-21 21:57:36,334 INFO o.a.j.r.d.ReportGenerator: Reading report generator properties from: C:\Program Files\JMeter\apache-jmeter-5.6.3\bin\reportgenerator.properties
2025-05-21 21:57:36,353 INFO o.a.j.r.d.ReportGenerator: Merging with JMeter properties
2025-05-21 21:57:36,357 INFO o.a.j.r.c.ReportGeneratorConfiguration: Property 'jmeter.reportgenerator.temp_dir' not found, using default value 'temp' instead.
2025-05-21 21:57:36,358 INFO o.a.j.r.c.ReportGeneratorConfiguration: Property 'jmeter.reportgenerator.apdex_per_transaction' not found, using default value 'null' instead.
2025-05-21 21:57:36,358 INFO o.a.j.r.c.ReportGeneratorConfiguration: apdex_per_transaction is empty, not APDEX per transaction customization
2025-05-21 21:57:36,358 INFO o.a.j.r.c.ReportGeneratorConfiguration: Property 'jmeter.reportgenerator.sample_filter' not found, using default value 'null' instead.
2025-05-21 21:57:36,358 INFO o.a.j.r.c.ReportGeneratorConfiguration: Property 'jmeter.reportgenerator.report_title' not found, using default value 'null' instead.
2025-05-21 21:57:36,359 INFO o.a.j.r.c.ReportGeneratorConfiguration: Property 'jmeter.reportgenerator.start_date' not found, using default value 'null' instead.
2025-05-21 21:57:36,359 INFO o.a.j.r.c.ReportGeneratorConfiguration: Property 'jmeter.reportgenerator.end_date' not found, using default value 'null' instead.
2025-05-21 21:57:36,359 INFO o.a.j.r.c.ReportGeneratorConfiguration: Property 'jmeter.reportgenerator.date_format' not found, using default value 'null' instead.
2025-05-21 21:57:36,359 INFO o.a.j.r.c.ReportGeneratorConfiguration: Will use date range start date: null, end date: null
2025-05-21 21:57:36,362 INFO o.a.j.r.c.ReportGeneratorConfiguration: Property 'jmeter.reportgenerator.graph.totalTPS.exclude_controllers' not found, using default value 'false' instead.
2025-05-21 21:57:36,362 INFO o.a.j.r.c.ReportGeneratorConfiguration: Property 'jmeter.reportgenerator.graph.activeThreadsOverTime.exclude_controllers' not found, using default value 'false' instead.
2025-05-21 21:57:36,362 INFO o.a.j.r.c.ReportGeneratorConfiguration: Property 'jmeter.reportgenerator.graph.timeVsThreads.exclude_controllers' not found, using default value 'false' instead.
2025-05-21 21:57:36,362 INFO o.a.j.r.c.ReportGeneratorConfiguration: Property 'jmeter.reportgenerator.graph.responseTimeDistribution.exclude_controllers' not found, using default value 'false' instead.
2025-05-21 21:57:36,362 INFO o.a.j.r.c.ReportGeneratorConfiguration: Property 'jmeter.reportgenerator.graph.transactionsPerSecond.exclude_controllers' not found, using default value 'false' instead.
2025-05-21 21:57:36,362 INFO o.a.j.r.c.ReportGeneratorConfiguration: Property 'jmeter.reportgenerator.graph.responseTimePercentiles.exclude_controllers' not found, using default value 'false' instead.
2025-05-21 21:57:36,363 INFO o.a.j.r.c.ReportGeneratorConfiguration: Property 'jmeter.reportgenerator.graph.responseTimePercentilesOverTime.exclude_controllers' not found, using default value 'false' instead.
2025-05-21 21:57:36,363 INFO o.a.j.r.c.ReportGeneratorConfiguration: Property 'jmeter.reportgenerator.graph.responseTimesOverTime.exclude_controllers' not found, using default value 'false' instead.
2025-05-21 21:57:36,363 INFO o.a.j.r.c.ReportGeneratorConfiguration: Property 'jmeter.reportgenerator.graph.connectTimeOverTime.exclude_controllers' not found, using default value 'false' instead.
2025-05-21 21:57:36,363 INFO o.a.j.r.c.ReportGeneratorConfiguration: Property 'jmeter.reportgenerator.graph.latenciesOverTime.exclude_controllers' not found, using default value 'false' instead.
2025-05-21 21:57:36,363 INFO o.a.j.r.c.ReportGeneratorConfiguration: Property 'jmeter.reportgenerator.exporter.json.filters_only_sample_series' not found, using default value 'true' instead.
2025-05-21 21:57:36,363 INFO o.a.j.r.c.ReportGeneratorConfiguration: Property 'jmeter.reportgenerator.exporter.json.series_filter' not found, using default value '' instead.
2025-05-21 21:57:36,363 INFO o.a.j.r.c.ReportGeneratorConfiguration: Property 'jmeter.reportgenerator.exporter.json.show_controllers_only' not found, using default value 'false' instead.
2025-05-21 21:57:36,364 INFO o.a.j.r.c.ReportGeneratorConfiguration: Property 'jmeter.reportgenerator.exporter.html.filters_only_sample_series' not found, using default value 'true' instead.
2025-05-21 21:57:36,364 INFO o.a.j.r.c.ReportGeneratorConfiguration: Property 'jmeter.reportgenerator.exporter.html.series_filter' not found, using default value '' instead.
2025-05-21 21:57:36,364 INFO o.a.j.r.c.ReportGeneratorConfiguration: Property 'jmeter.reportgenerator.exporter.html.show_controllers_only' not found, using default value 'false' instead.
2025-05-21 21:57:36,370 INFO o.a.j.e.StandardJMeterEngine: Running the test!
2025-05-21 21:57:36,370 INFO o.a.j.s.SampleEvent: List of sample_variables: []
2025-05-21 21:57:36,370 INFO o.a.j.s.SampleEvent: List of sample_variables: []
2025-05-21 21:57:36,374 INFO o.a.j.e.u.CompoundVariable: Note: Function class names must contain the string: '.functions.'
2025-05-21 21:57:36,374 INFO o.a.j.e.u.CompoundVariable: Note: Function class names must not contain the string: '.gui.'
2025-05-21 21:57:36,526 INFO o.a.j.r.ClassFinder: Will scan jar C:\Program Files\JMeter\apache-jmeter-5.6.3\lib\ext\cmdrunner-2.3.jar with filter ExtendsClassFilter [parents=[interface org.apache.jmeter.functions.Function], inner=false, contains=null, notContains=null]. Consider exposing JMeter plugins via META-INF/services, and add JMeter-Skip-Class-Scanning=true manifest attribute so JMeter can skip classfile scanning
2025-05-21 21:57:36,528 INFO o.a.j.r.ClassFinder: Will scan jar C:\Program Files\JMeter\apache-jmeter-5.6.3\lib\ext\json-lib-2.4-jdk15.jar with filter ExtendsClassFilter [parents=[interface org.apache.jmeter.functions.Function], inner=false, contains=null, notContains=null]. Consider exposing JMeter plugins via META-INF/services, and add JMeter-Skip-Class-Scanning=true manifest attribute so JMeter can skip classfile scanning
2025-05-21 21:57:36,542 INFO o.a.j.r.ClassFinder: Will scan jar C:\Program Files\JMeter\apache-jmeter-5.6.3\lib\ext\jmeter-plugins-casutg-3.0.jar with filter ExtendsClassFilter [parents=[interface org.apache.jmeter.functions.Function], inner=false, contains=null, notContains=null]. Consider exposing JMeter plugins via META-INF/services, and add JMeter-Skip-Class-Scanning=true manifest attribute so JMeter can skip classfile scanning
2025-05-21 21:57:36,550 INFO o.a.j.r.ClassFinder: Will scan jar C:\Program Files\JMeter\apache-jmeter-5.6.3\lib\ext\jmeter-plugins-manager-1.10.jar with filter ExtendsClassFilter [parents=[interface org.apache.jmeter.functions.Function], inner=false, contains=null, notContains=null]. Consider exposing JMeter plugins via META-INF/services, and add JMeter-Skip-Class-Scanning=true manifest attribute so JMeter can skip classfile scanning
2025-05-21 21:57:36,627 INFO o.a.j.r.ClassFinder: Will scan jar C:\Program Files\JMeter\apache-jmeter-5.6.3\lib\ext\jmeter-plugins-cmn-jmeter-0.7.jar with filter ExtendsClassFilter [parents=[interface org.apache.jmeter.functions.Function], inner=false, contains=null, notContains=null]. Consider exposing JMeter plugins via META-INF/services, and add JMeter-Skip-Class-Scanning=true manifest attribute so JMeter can skip classfile scanning
2025-05-21 21:57:36,657 INFO o.a.j.JMeter: Running test (1747853856657)
2025-05-21 21:57:36,684 INFO o.a.j.e.StandardJMeterEngine: Starting ThreadGroup: 1 : Thread Group
2025-05-21 21:57:36,684 INFO o.a.j.e.StandardJMeterEngine: Starting 10 threads for group Thread Group.
2025-05-21 21:57:36,684 INFO o.a.j.e.StandardJMeterEngine: Thread will continue on error
2025-05-21 21:57:36,685 INFO o.a.j.t.ThreadGroup: Starting thread group... number=1 threads=10 ramp-up=0 delayedStart=false
2025-05-21 21:57:36,689 INFO o.a.j.t.JMeterThread: Thread started: Thread Group 1-3
2025-05-21 21:57:36,689 INFO o.a.j.t.JMeterThread: Thread started: Thread Group 1-2
2025-05-21 21:57:36,689 INFO o.a.j.t.JMeterThread: Thread started: Thread Group 1-4
2025-05-21 21:57:36,689 INFO o.a.j.t.JMeterThread: Thread started: Thread Group 1-1
2025-05-21 21:57:36,689 INFO o.a.j.t.JMeterThread: Thread started: Thread Group 1-5
2025-05-21 21:57:36,690 INFO o.a.j.t.JMeterThread: Thread started: Thread Group 1-6
2025-05-21 21:57:36,690 INFO o.a.j.t.JMeterThread: Thread started: Thread Group 1-7
2025-05-21 21:57:36,690 INFO o.a.j.t.JMeterThread: Thread started: Thread Group 1-8
2025-05-21 21:57:36,690 INFO o.a.j.t.ThreadGroup: Started thread group number 1
2025-05-21 21:57:36,690 INFO o.a.j.e.StandardJMeterEngine: Starting ThreadGroup: 2 : jp@gc - Ultimate Thread Group
2025-05-21 21:57:36,691 INFO o.a.j.e.StandardJMeterEngine: Starting 15 threads for group jp@gc - Ultimate Thread Group.
2025-05-21 21:57:36,691 INFO o.a.j.e.StandardJMeterEngine: Thread will continue on error
2025-05-21 21:57:36,691 INFO k.a.j.t.AbstractSimpleThreadGroup: Starting thread group number 2 threads 15
2025-05-21 21:57:36,691 INFO o.a.j.t.JMeterThread: Thread started: Thread Group 1-9
2025-05-21 21:57:36,691 INFO o.a.j.t.JMeterThread: Thread started: Thread Group 1-10
2025-05-21 21:57:36,699 INFO k.a.j.t.AbstractSimpleThreadGroup: Started thread group number 2
2025-05-21 21:57:36,699 INFO o.a.j.e.StandardJMeterEngine: All thread groups have been started
2025-05-21 21:57:36,703 INFO o.a.j.p.h.s.HTTPHCAbstractImpl: Local host = WIN-DD81F8JIKC9
2025-05-21 21:57:36,708 INFO o.a.j.p.h.s.HTTPHC4Impl: HTTP request retry count = 0
2025-05-21 21:57:36,709 INFO o.a.j.s.SampleResult: Note: Sample TimeStamps are START times
2025-05-21 21:57:36,709 INFO o.a.j.s.SampleResult: sampleresult.default.encoding is set to UTF-8
2025-05-21 21:57:36,709 INFO o.a.j.s.SampleResult: sampleresult.useNanoTime=true
2025-05-21 21:57:36,709 INFO o.a.j.s.SampleResult: sampleresult.nanoThreadSleep=5000
2025-05-21 21:57:37,931 INFO o.a.j.t.JMeterThread: Thread is done: Thread Group 1-4
2025-05-21 21:57:37,931 INFO o.a.j.t.JMeterThread: Thread finished: Thread Group 1-4
2025-05-21 21:57:37,967 INFO o.a.j.t.JMeterThread: Thread is done: Thread Group 1-2
2025-05-21 21:57:37,967 INFO o.a.j.t.JMeterThread: Thread finished: Thread Group 1-2
2025-05-21 21:57:37,968 INFO o.a.j.t.JMeterThread: Thread is done: Thread Group 1-8
2025-05-21 21:57:37,968 INFO o.a.j.t.JMeterThread: Thread finished: Thread Group 1-8
2025-05-21 21:57:37,968 INFO o.a.j.t.JMeterThread: Thread is done: Thread Group 1-6
2025-05-21 21:57:37,968 INFO o.a.j.t.JMeterThread: Thread finished: Thread Group 1-6
2025-05-21 21:57:37,968 INFO o.a.j.t.JMeterThread: Thread is done: Thread Group 1-3
2025-05-21 21:57:37,968 INFO o.a.j.t.JMeterThread: Thread finished: Thread Group 1-3
2025-05-21 21:57:37,971 INFO o.a.j.t.JMeterThread: Thread is done: Thread Group 1-7
2025-05-21 21:57:37,971 INFO o.a.j.t.JMeterThread: Thread finished: Thread Group 1-7
2025-05-21 21:57:37,971 INFO o.a.j.t.JMeterThread: Thread is done: Thread Group 1-9
2025-05-21 21:57:37,971 INFO o.a.j.t.JMeterThread: Thread finished: Thread Group 1-9
2025-05-21 21:57:37,972 INFO o.a.j.t.JMeterThread: Thread is done: Thread Group 1-1
2025-05-21 21:57:37,972 INFO o.a.j.t.JMeterThread: Thread finished: Thread Group 1-1
2025-05-21 21:57:37,973 INFO o.a.j.t.JMeterThread: Thread is done: Thread Group 1-10
2025-05-21 21:57:37,973 INFO o.a.j.t.JMeterThread: Thread finished: Thread Group 1-10
2025-05-21 21:57:37,973 INFO o.a.j.t.JMeterThread: Thread is done: Thread Group 1-5
2025-05-21 21:57:37,973 INFO o.a.j.t.JMeterThread: Thread finished: Thread Group 1-5
2025-05-21 21:57:38,693 INFO o.a.j.t.JMeterThread: Thread started: jp@gc - Ultimate Thread Group 2-5
2025-05-21 21:57:39,422 INFO o.a.j.u.JsseSSLManager: Using default SSL protocol: TLS
2025-05-21 21:57:39,423 INFO o.a.j.u.JsseSSLManager: SSL session context: per-thread
2025-05-21 21:57:40,697 INFO o.a.j.t.JMeterThread: Thread started: jp@gc - Ultimate Thread Group 2-4
2025-05-21 21:57:42,692 INFO o.a.j.t.JMeterThread: Thread started: jp@gc - Ultimate Thread Group 2-3
2025-05-21 21:57:44,692 INFO o.a.j.t.JMeterThread: Thread started: jp@gc - Ultimate Thread Group 2-2
2025-05-21 21:57:46,692 INFO o.a.j.t.JMeterThread: Thread started: jp@gc - Ultimate Thread Group 2-1
2025-05-21 21:58:00,019 INFO o.a.j.r.Summariser: summary +    350 in 00:00:23 =   15.0/s Avg:   279 Min:     2 Max:   838 Err:     0 (0.00%) Active: 5 Started: 15 Finished: 10
2025-05-21 21:58:30,028 INFO o.a.j.r.Summariser: summary +   1610 in 00:00:30 =   53.6/s Avg:    92 Min:     2 Max:   272 Err:     0 (0.00%) Active: 5 Started: 15 Finished: 10
2025-05-21 21:58:30,029 INFO o.a.j.r.Summariser: summary =   1960 in 00:00:53 =   36.7/s Avg:   126 Min:     2 Max:   838 Err:     0 (0.00%)
2025-05-21 21:58:38,693 INFO o.a.j.t.JMeterThread: Thread started: jp@gc - Ultimate Thread Group 2-10
2025-05-21 21:58:40,693 INFO o.a.j.t.JMeterThread: Thread started: jp@gc - Ultimate Thread Group 2-9
2025-05-21 21:58:42,692 INFO o.a.j.t.JMeterThread: Thread started: jp@gc - Ultimate Thread Group 2-8
2025-05-21 21:58:44,693 INFO o.a.j.t.JMeterThread: Thread started: jp@gc - Ultimate Thread Group 2-7
2025-05-21 21:58:46,692 INFO o.a.j.t.JMeterThread: Thread started: jp@gc - Ultimate Thread Group 2-6
2025-05-21 21:59:00,039 INFO o.a.j.r.Summariser: summary +   1601 in 00:00:30 =   53.3/s Avg:   146 Min:     2 Max:   556 Err:     0 (0.00%) Active: 10 Started: 20 Finished: 10
2025-05-21 21:59:00,040 INFO o.a.j.r.Summariser: summary =   3561 in 00:01:23 =   42.7/s Avg:   135 Min:     2 Max:   838 Err:     0 (0.00%)
2025-05-21 21:59:30,025 INFO o.a.j.r.Summariser: summary +   1613 in 00:00:30 =   53.8/s Avg:   186 Min:     3 Max:   525 Err:     0 (0.00%) Active: 10 Started: 20 Finished: 10
2025-05-21 21:59:30,026 INFO o.a.j.r.Summariser: summary =   5174 in 00:01:53 =   45.6/s Avg:   151 Min:     2 Max:   838 Err:     0 (0.00%)
2025-05-21 21:59:38,693 INFO o.a.j.t.JMeterThread: Thread started: jp@gc - Ultimate Thread Group 2-15
2025-05-21 21:59:40,693 INFO o.a.j.t.JMeterThread: Thread started: jp@gc - Ultimate Thread Group 2-14
2025-05-21 21:59:42,693 INFO o.a.j.t.JMeterThread: Thread started: jp@gc - Ultimate Thread Group 2-13
2025-05-21 21:59:44,693 INFO o.a.j.t.JMeterThread: Thread started: jp@gc - Ultimate Thread Group 2-12
2025-05-21 21:59:46,692 INFO o.a.j.t.JMeterThread: Thread started: jp@gc - Ultimate Thread Group 2-11
2025-05-21 22:00:00,016 INFO o.a.j.r.Summariser: summary +   1543 in 00:00:30 =   51.4/s Avg:   248 Min:     3 Max:   837 Err:     0 (0.00%) Active: 15 Started: 25 Finished: 10
2025-05-21 22:00:00,017 INFO o.a.j.r.Summariser: summary =   6717 in 00:02:23 =   46.9/s Avg:   173 Min:     2 Max:   838 Err:     0 (0.00%)
2025-05-21 22:00:30,020 INFO o.a.j.r.Summariser: summary +   1470 in 00:00:30 =   49.0/s Avg:   304 Min:     4 Max:   867 Err:     0 (0.00%) Active: 15 Started: 25 Finished: 10
2025-05-21 22:00:30,020 INFO o.a.j.r.Summariser: summary =   8187 in 00:02:53 =   47.2/s Avg:   197 Min:     2 Max:   867 Err:     0 (0.00%)
2025-05-21 22:01:00,004 INFO o.a.j.r.Summariser: summary +   1455 in 00:00:30 =   48.5/s Avg:   311 Min:     5 Max:   880 Err:     0 (0.00%) Active: 15 Started: 25 Finished: 10
2025-05-21 22:01:00,006 INFO o.a.j.r.Summariser: summary =   9642 in 00:03:23 =   47.4/s Avg:   214 Min:     2 Max:   880 Err:     0 (0.00%)
2025-05-21 22:01:30,021 INFO o.a.j.r.Summariser: summary +   1369 in 00:00:30 =   45.6/s Avg:   327 Min:     7 Max:   918 Err:     0 (0.00%) Active: 15 Started: 25 Finished: 10
2025-05-21 22:01:30,022 INFO o.a.j.r.Summariser: summary =  11011 in 00:03:53 =   47.2/s Avg:   228 Min:     2 Max:   918 Err:     0 (0.00%)
2025-05-21 22:01:46,754 INFO o.a.j.t.JMeterThread: Stopping because end time detected by thread: jp@gc - Ultimate Thread Group 2-9
2025-05-21 22:01:46,754 INFO o.a.j.t.JMeterThread: Thread finished: jp@gc - Ultimate Thread Group 2-9
2025-05-21 22:01:46,836 INFO o.a.j.t.JMeterThread: Stopping because end time detected by thread: jp@gc - Ultimate Thread Group 2-12
2025-05-21 22:01:46,836 INFO o.a.j.t.JMeterThread: Thread finished: jp@gc - Ultimate Thread Group 2-12
2025-05-21 22:01:46,838 INFO o.a.j.t.JMeterThread: Stopping because end time detected by thread: jp@gc - Ultimate Thread Group 2-8
2025-05-21 22:01:46,838 INFO o.a.j.t.JMeterThread: Thread finished: jp@gc - Ultimate Thread Group 2-8
2025-05-21 22:01:46,838 INFO o.a.j.t.JMeterThread: Stopping because end time detected by thread: jp@gc - Ultimate Thread Group 2-4
2025-05-21 22:01:46,838 INFO o.a.j.t.JMeterThread: Thread finished: jp@gc - Ultimate Thread Group 2-4
2025-05-21 22:01:46,839 INFO o.a.j.t.JMeterThread: Stopping because end time detected by thread: jp@gc - Ultimate Thread Group 2-2
2025-05-21 22:01:46,839 INFO o.a.j.t.JMeterThread: Thread finished: jp@gc - Ultimate Thread Group 2-2
2025-05-21 22:01:46,839 INFO o.a.j.t.JMeterThread: Stopping because end time detected by thread: jp@gc - Ultimate Thread Group 2-7
2025-05-21 22:01:46,839 INFO o.a.j.t.JMeterThread: Thread finished: jp@gc - Ultimate Thread Group 2-7
2025-05-21 22:01:46,839 INFO o.a.j.t.JMeterThread: Stopping because end time detected by thread: jp@gc - Ultimate Thread Group 2-1
2025-05-21 22:01:46,839 INFO o.a.j.t.JMeterThread: Thread finished: jp@gc - Ultimate Thread Group 2-1
2025-05-21 22:01:46,840 INFO o.a.j.t.JMeterThread: Stopping because end time detected by thread: jp@gc - Ultimate Thread Group 2-13
2025-05-21 22:01:46,840 INFO o.a.j.t.JMeterThread: Thread finished: jp@gc - Ultimate Thread Group 2-13
2025-05-21 22:01:46,840 INFO o.a.j.t.JMeterThread: Stopping because end time detected by thread: jp@gc - Ultimate Thread Group 2-5
2025-05-21 22:01:46,840 INFO o.a.j.t.JMeterThread: Thread finished: jp@gc - Ultimate Thread Group 2-5
2025-05-21 22:01:46,916 INFO o.a.j.t.JMeterThread: Stopping because end time detected by thread: jp@gc - Ultimate Thread Group 2-10
2025-05-21 22:01:46,916 INFO o.a.j.t.JMeterThread: Thread finished: jp@gc - Ultimate Thread Group 2-10
2025-05-21 22:01:46,971 INFO o.a.j.t.JMeterThread: Stopping because end time detected by thread: jp@gc - Ultimate Thread Group 2-15
2025-05-21 22:01:46,971 INFO o.a.j.t.JMeterThread: Thread finished: jp@gc - Ultimate Thread Group 2-15
2025-05-21 22:01:47,025 INFO o.a.j.t.JMeterThread: Stopping because end time detected by thread: jp@gc - Ultimate Thread Group 2-14
2025-05-21 22:01:47,025 INFO o.a.j.t.JMeterThread: Thread finished: jp@gc - Ultimate Thread Group 2-14
2025-05-21 22:01:47,094 INFO o.a.j.t.JMeterThread: Stopping because end time detected by thread: jp@gc - Ultimate Thread Group 2-6
2025-05-21 22:01:47,094 INFO o.a.j.t.JMeterThread: Thread finished: jp@gc - Ultimate Thread Group 2-6
2025-05-21 22:01:47,165 INFO o.a.j.t.JMeterThread: Stopping because end time detected by thread: jp@gc - Ultimate Thread Group 2-3
2025-05-21 22:01:47,165 INFO o.a.j.t.JMeterThread: Thread finished: jp@gc - Ultimate Thread Group 2-3
2025-05-21 22:01:47,167 INFO o.a.j.t.JMeterThread: Stopping because end time detected by thread: jp@gc - Ultimate Thread Group 2-11
2025-05-21 22:01:47,167 INFO o.a.j.t.JMeterThread: Thread finished: jp@gc - Ultimate Thread Group 2-11
2025-05-21 22:01:47,167 INFO o.a.j.e.StandardJMeterEngine: Notifying test listeners of end of test
2025-05-21 22:01:47,168 INFO o.a.j.r.Summariser: summary +    806 in 00:00:17 =   47.0/s Avg:   319 Min:     6 Max:   854 Err:     0 (0.00%) Active: 0 Started: 25 Finished: 25
2025-05-21 22:01:47,168 INFO o.a.j.r.Summariser: summary =  11817 in 00:04:11 =   47.2/s Avg:   234 Min:     2 Max:   918 Err:     0 (0.00%)
2025-05-21 22:01:47,169 INFO o.a.j.JMeter: Generating Dashboard
2025-05-21 22:01:47,169 INFO o.a.j.r.d.ReportGenerator: Flushing result collector before report Generation
2025-05-21 22:01:47,177 INFO o.a.j.r.p.NormalizerSampleConsumer: Using format, 'ms', to parse timeStamp field
2025-05-21 22:01:47,586 INFO o.a.j.r.p.AbstractSampleConsumer: class org.apache.jmeter.report.processor.AggregateConsumer#stopProducing(): beginDate produced 0 samples
2025-05-21 22:01:47,586 INFO o.a.j.r.p.AbstractSampleConsumer: class org.apache.jmeter.report.processor.AggregateConsumer#stopProducing(): endDate produced 0 samples
2025-05-21 22:01:47,587 INFO o.a.j.r.p.AbstractSampleConsumer: class org.apache.jmeter.report.processor.ApdexSummaryConsumer#stopProducing(): apdexSummary produced 0 samples
2025-05-21 22:01:47,587 INFO o.a.j.r.p.AbstractSampleConsumer: class org.apache.jmeter.report.processor.RequestsSummaryConsumer#stopProducing(): requestsSummary produced 0 samples
2025-05-21 22:01:47,593 INFO o.a.j.r.p.AbstractSampleConsumer: class org.apache.jmeter.report.processor.StatisticsSummaryConsumer#stopProducing(): statisticsSummary produced 0 samples
2025-05-21 22:01:47,598 INFO o.a.j.r.p.AbstractSampleConsumer: class org.apache.jmeter.report.processor.Top5ErrorsBySamplerConsumer#stopProducing(): top5ErrorsBySampler produced 0 samples
2025-05-21 22:01:47,598 INFO o.a.j.r.p.AbstractSampleConsumer: class org.apache.jmeter.report.processor.ErrorsSummaryConsumer#stopProducing(): errorsSummary produced 0 samples
2025-05-21 22:01:47,598 INFO o.a.j.r.p.AbstractSampleConsumer: class org.apache.jmeter.report.processor.graph.impl.HitsPerSecondGraphConsumer#stopProducing(): hitsPerSecond produced 0 samples
2025-05-21 22:01:47,640 INFO o.a.j.r.p.AbstractSampleConsumer: class org.apache.jmeter.report.processor.graph.impl.LatencyVSRequestGraphConsumer#stopProducing(): latencyVsRequest produced 0 samples
2025-05-21 22:01:47,641 INFO o.a.j.r.p.AbstractSampleConsumer: class org.apache.jmeter.report.processor.graph.impl.SyntheticResponseTimeDistributionGraphConsumer#stopProducing(): syntheticResponseTimeDistribution produced 0 samples
2025-05-21 22:01:47,641 INFO o.a.j.r.p.AbstractSampleConsumer: class org.apache.jmeter.report.processor.graph.impl.BytesThroughputGraphConsumer#stopProducing(): bytesThroughputOverTime produced 0 samples
2025-05-21 22:01:47,641 INFO o.a.j.r.p.AbstractSampleConsumer: class org.apache.jmeter.report.processor.graph.impl.CodesPerSecondGraphConsumer#stopProducing(): codesPerSecond produced 0 samples
2025-05-21 22:01:47,673 INFO o.a.j.r.p.AbstractSampleConsumer: class org.apache.jmeter.report.processor.graph.impl.ResponseTimeVSRequestGraphConsumer#stopProducing(): responseTimeVsRequest produced 0 samples
2025-05-21 22:01:47,674 INFO o.a.j.r.p.AbstractSampleConsumer: class org.apache.jmeter.report.processor.FilterConsumer#stopProducing(): startIntervalControlerFilter produced 82719 samples
2025-05-21 22:01:47,674 INFO o.a.j.r.p.AbstractSampleConsumer: class org.apache.jmeter.report.processor.graph.impl.TotalTPSGraphConsumer#stopProducing(): totalTPS produced 0 samples
2025-05-21 22:01:47,674 INFO o.a.j.r.p.AbstractSampleConsumer: class org.apache.jmeter.report.processor.graph.impl.ActiveThreadsGraphConsumer#stopProducing(): activeThreadsOverTime produced 0 samples
2025-05-21 22:01:47,674 INFO o.a.j.r.p.AbstractSampleConsumer: class org.apache.jmeter.report.processor.graph.impl.TimeVSThreadGraphConsumer#stopProducing(): timeVsThreads produced 0 samples
2025-05-21 22:01:47,674 INFO o.a.j.r.p.AbstractSampleConsumer: class org.apache.jmeter.report.processor.graph.impl.ResponseTimeDistributionGraphConsumer#stopProducing(): responseTimeDistribution produced 0 samples
2025-05-21 22:01:47,674 INFO o.a.j.r.p.AbstractSampleConsumer: class org.apache.jmeter.report.processor.graph.impl.TransactionsPerSecondGraphConsumer#stopProducing(): transactionsPerSecond produced 0 samples
2025-05-21 22:01:47,674 INFO o.a.j.r.p.AbstractSampleConsumer: class org.apache.jmeter.report.processor.graph.impl.ResponseTimePercentilesGraphConsumer#stopProducing(): responseTimePercentiles produced 0 samples
2025-05-21 22:01:47,676 INFO o.a.j.r.p.AbstractSampleConsumer: class org.apache.jmeter.report.processor.graph.impl.ResponseTimePercentilesOverTimeGraphConsumer#stopProducing(): responseTimePercentilesOverTime produced 0 samples
2025-05-21 22:01:47,677 INFO o.a.j.r.p.AbstractSampleConsumer: class org.apache.jmeter.report.processor.graph.impl.ResponseTimeOverTimeGraphConsumer#stopProducing(): responseTimesOverTime produced 0 samples
2025-05-21 22:01:47,677 INFO o.a.j.r.p.AbstractSampleConsumer: class org.apache.jmeter.report.processor.graph.impl.ConnectTimeOverTimeGraphConsumer#stopProducing(): connectTimeOverTime produced 0 samples
2025-05-21 22:01:47,677 INFO o.a.j.r.p.AbstractSampleConsumer: class org.apache.jmeter.report.processor.graph.impl.LatencyOverTimeGraphConsumer#stopProducing(): latenciesOverTime produced 0 samples
2025-05-21 22:01:47,677 INFO o.a.j.r.p.AbstractSampleConsumer: class org.apache.jmeter.report.processor.FilterConsumer#stopProducing(): nameFilter produced 177255 samples
2025-05-21 22:01:47,677 INFO o.a.j.r.p.AbstractSampleConsumer: class org.apache.jmeter.report.processor.FilterConsumer#stopProducing(): dateRangeFilter produced 35451 samples
2025-05-21 22:01:47,677 INFO o.a.j.r.p.AbstractSampleConsumer: class org.apache.jmeter.report.processor.NormalizerSampleConsumer#stopProducing(): normalizer produced 11817 samples
2025-05-21 22:01:47,678 INFO o.a.j.r.p.CsvFileSampleSource: produce(): 11817 samples produced in 483ms on channel 0
2025-05-21 22:01:47,678 INFO o.a.j.r.d.ReportGenerator: Exporting data using exporter:'json' of className:'org.apache.jmeter.report.dashboard.JsonExporter'
2025-05-21 22:01:47,742 INFO o.a.j.r.d.JsonExporter: Found data for consumer statisticsSummary in context
2025-05-21 22:01:47,742 INFO o.a.j.r.d.JsonExporter: Creating statistics for overall
2025-05-21 22:01:47,742 INFO o.a.j.r.d.JsonExporter: Creating statistics for other transactions
2025-05-21 22:01:47,742 INFO o.a.j.r.d.JsonExporter: Checking output folder
2025-05-21 22:01:47,743 INFO o.a.j.r.d.JsonExporter: Writing statistics JSON to C:\Users\mohdy\OneDrive\Documents\Edges Testing Diploma\Final Project 2\Reports\statistics.json
2025-05-21 22:01:47,775 INFO o.a.j.r.d.ReportGenerator: Exporting data using exporter:'html' of className:'org.apache.jmeter.report.dashboard.HtmlTemplateExporter'
2025-05-21 22:01:47,778 INFO o.a.j.r.d.HtmlTemplateExporter: Will generate dashboard in folder: C:\Users\mohdy\OneDrive\Documents\Edges Testing Diploma\Final Project 2\Reports
2025-05-21 22:01:47,875 INFO o.a.j.r.d.HtmlTemplateExporter: Report will be generated in: C:\Users\mohdy\OneDrive\Documents\Edges Testing Diploma\Final Project 2\Reports, creating folder structure
2025-05-21 22:01:47,877 INFO o.a.j.r.d.TemplateVisitor: Copying folder from 'C:\Program Files\JMeter\apache-jmeter-5.6.3\bin\report-template' to 'C:\Users\mohdy\OneDrive\Documents\Edges Testing Diploma\Final Project 2\Reports', got message: C:\Users\mohdy\OneDrive\Documents\Edges Testing Diploma\Final Project 2\Reports, found non empty folder with following content [C:\Users\mohdy\OneDrive\Documents\Edges Testing Diploma\Final Project 2\Reports\statistics.json], will be ignored
2025-05-21 22:01:48,353 INFO o.a.j.JMeter: Dashboard generated
